<?xml version="1.0" encoding="UTF-8"?>
<!-- Generated by org.testng.reporters.JUnitXMLReporter -->
<testsuite ignored="6" hostname="TYC1221031" failures="0" tests="4" name="st" time="162.822" errors="0" timestamp="15 Jun 2022 17:32:11 GMT">
  <testcase classname="com.crm.createOrganisation.ToCreateOrganisation" name="createOrgTest" time="24.921">
    <skipped/>
  </testcase> <!-- createOrgTest -->
  <testcase classname="com.crm.createOrganisation.ToCreateOrganisation" name="createOrgTest" time="22.609">
    <skipped/>
  </testcase> <!-- createOrgTest -->
  <testcase classname="com.crm.createOrganisation.ToCreateOrganisation" name="createOrgTest" time="23.62">
    <skipped/>
  </testcase> <!-- createOrgTest -->
  <testcase classname="com.crm.createOrganisation.ToCreateOrganisation" name="createOrgTest" time="21.812">
    <skipped/>
  </testcase> <!-- createOrgTest -->
  <testcase classname="genericUtilities.BaseClass" name="@AfterSuite closeDBconfig" time="0.0">
    <ignored/>
  </testcase> <!-- @AfterSuite closeDBconfig -->
  <testcase classname="genericUtilities.BaseClass" name="@AfterSuite closeDBconfig" time="0.0">
    <ignored/>
  </testcase> <!-- @AfterSuite closeDBconfig -->
  <testcase classname="genericUtilities.BaseClass" name="@AfterSuite closeDBconfig" time="0.0">
    <ignored/>
  </testcase> <!-- @AfterSuite closeDBconfig -->
  <testcase classname="genericUtilities.BaseClass" name="@BeforeSuite dbConfig" time="0.0">
    <ignored/>
  </testcase> <!-- @BeforeSuite dbConfig -->
  <testcase classname="genericUtilities.BaseClass" name="@BeforeSuite dbConfig" time="0.0">
    <ignored/>
  </testcase> <!-- @BeforeSuite dbConfig -->
  <testcase classname="genericUtilities.BaseClass" name="@BeforeSuite dbConfig" time="0.0">
    <ignored/>
  </testcase> <!-- @BeforeSuite dbConfig -->
</testsuite> <!-- st -->
